<?xml version="1.0" encoding="UTF-8"?>
<!-- Generated by org.testng.reporters.JUnitReportReporter -->
<testsuite hostname="DESKTOP-5T03LQ5" failures="0" tests="2" name="runner.LoginpageRunner" time="0.507" errors="0" timestamp="2023-02-11T12:25:32 IST" skipped="0">
  <testcase classname="runner.LoginpageRunner" name="runScenario" time="0.462"/>
  <system-out/>
  <testcase classname="runner.LoginpageRunner" name="runScenario" time="0.045"/>
  <system-out/>
</testsuite> <!-- runner.LoginpageRunner -->
