<?xml version="1.0" encoding="UTF-8"?>
<!-- Generated by org.testng.reporters.JUnitReportReporter -->
<testsuite hostname="DESKTOP-5T03LQ5" failures="0" tests="1" name="runner.HomepageRunner" time="220.030" errors="0" timestamp="2023-02-19T11:30:00 IST" skipped="0">
  <testcase classname="runner.HomepageRunner" name="runScenario" time="220.030"/>
  <system-out/>
</testsuite> <!-- runner.HomepageRunner -->
