<?xml version="1.0" encoding="UTF-8"?>
<!-- Generated by org.testng.reporters.JUnitReportReporter -->
<testsuite hostname="DESKTOP-5T03LQ5" failures="0" tests="1" name="runner.HomepageRunner" time="23.796" errors="0" timestamp="2023-02-12T08:40:20 IST" skipped="0">
  <testcase classname="runner.HomepageRunner" name="runScenario" time="23.796"/>
  <system-out/>
</testsuite> <!-- runner.HomepageRunner -->
